0 info it worked if it ends with ok
1 verbose cli [ '/usr/local/Cellar/node/6.2.2/bin/node',
1 verbose cli   '/usr/local/bin/npm',
1 verbose cli   'install',
1 verbose cli   '/Users/silvy/projects/FoodStalking/package.json',
1 verbose cli   '--save' ]
2 info using npm@3.10.5
3 info using node@v6.2.2
4 silly loadCurrentTree Starting
5 silly install loadCurrentTree
6 silly install readLocalPackageData
7 silly fetchPackageMetaData /Users/silvy/projects/FoodStalking/package.json
8 silly fetchOtherPackageData /Users/silvy/projects/FoodStalking/package.json
9 silly cache add args [ '/Users/silvy/projects/FoodStalking/package.json', null ]
10 verbose cache add spec /Users/silvy/projects/FoodStalking/package.json
11 silly cache add parsed spec Result {
11 silly cache add   raw: '/Users/silvy/projects/FoodStalking/package.json',
11 silly cache add   scope: null,
11 silly cache add   escapedName: null,
11 silly cache add   name: null,
11 silly cache add   rawSpec: '/Users/silvy/projects/FoodStalking/package.json',
11 silly cache add   spec: '/Users/silvy/projects/FoodStalking/package.json',
11 silly cache add   type: 'local' }
12 silly addLocalTarball shasum (computed) ed95e2358642685c6a9728d17cb5d50658e543be
13 verbose addTmpTarball /Users/silvy/projects/FoodStalking/package.json not in flight; adding
14 verbose correctMkdir /Users/silvy/.npm correctMkdir not in flight; initializing
15 verbose addTmpTarball validating metadata from /Users/silvy/projects/FoodStalking/package.json
16 verbose tar unpack /Users/silvy/projects/FoodStalking/package.json
17 verbose tar unpacking to /tmp/npm-85025-f9af74f9/unpack-321733e4
18 silly gentlyRm /tmp/npm-85025-f9af74f9/unpack-321733e4 is being purged
19 verbose gentlyRm don't care about contents; nuking /tmp/npm-85025-f9af74f9/unpack-321733e4
20 silly gunzTarPerm modes [ '755', '644' ]
21 error not a package /Users/silvy/projects/FoodStalking/package.json
22 error addLocal Could not install /Users/silvy/projects/FoodStalking/package.json
23 silly fetchPackageMetaData Error: ENOENT: no such file or directory, open '/tmp/npm-85025-f9af74f9/unpack-321733e4/package.json'
23 silly fetchPackageMetaData     at Error (native)
23 silly fetchPackageMetaData  error for /Users/silvy/projects/FoodStalking/package.json { Error: ENOENT: no such file or directory, open '/tmp/npm-85025-f9af74f9/unpack-321733e4/package.json'
23 silly fetchPackageMetaData     at Error (native)
23 silly fetchPackageMetaData   errno: -2,
23 silly fetchPackageMetaData   code: 'ENOENT',
23 silly fetchPackageMetaData   syscall: 'open',
23 silly fetchPackageMetaData   path: '/tmp/npm-85025-f9af74f9/unpack-321733e4/package.json' }
24 silly rollbackFailedOptional Starting
25 silly rollbackFailedOptional Finishing
26 silly runTopLevelLifecycles Starting
27 silly runTopLevelLifecycles Finishing
28 silly install printInstalled
29 verbose stack Error: ENOENT: no such file or directory, open '/tmp/npm-85025-f9af74f9/unpack-321733e4/package.json'
29 verbose stack     at Error (native)
30 verbose cwd /Users/silvy/projects/django_test/mysite
31 error Darwin 15.5.0
32 error argv "/usr/local/Cellar/node/6.2.2/bin/node" "/usr/local/bin/npm" "install" "/Users/silvy/projects/FoodStalking/package.json" "--save"
33 error node v6.2.2
34 error npm  v3.10.5
35 error path /tmp/npm-85025-f9af74f9/unpack-321733e4/package.json
36 error code ENOENT
37 error errno -2
38 error syscall open
39 error enoent ENOENT: no such file or directory, open '/tmp/npm-85025-f9af74f9/unpack-321733e4/package.json'
40 error enoent ENOENT: no such file or directory, open '/tmp/npm-85025-f9af74f9/unpack-321733e4/package.json'
40 error enoent This is most likely not a problem with npm itself
40 error enoent and is related to npm not being able to find a file.
41 verbose exit [ -2, true ]
